<?xml version="1.0" encoding="UTF-8"?>
<!-- Generated by org.testng.reporters.JUnitReportReporter -->
<testsuite hostname="DESKTOP-DGIGOU4" failures="0" tests="5" name="testcase.snapdeal" time="11.409" errors="0" timestamp="2025-09-30T15:11:04 IST" skipped="0">
  <testcase classname="testcase.snapdeal" name="mensfashion1" time="2.546"/>
  <testcase classname="testcase.snapdeal" name="womensfashion2" time="2.197"/>
  <testcase classname="testcase.snapdeal" name="hk1" time="2.225"/>
  <testcase classname="testcase.snapdeal" name="tk1" time="2.190"/>
  <testcase classname="testcase.snapdeal" name="bh1" time="2.251"/>
</testsuite> <!-- testcase.snapdeal -->
