<?xml version="1.0" encoding="UTF-8"?>
<!-- Generated by org.testng.reporters.JUnitXMLReporter -->
<testsuite ignored="2" hostname="DESKTOP-DGIGOU4" failures="0" tests="2" name="SpecificMethod" time="0.094" errors="0" timestamp="2025-10-04T20:19:24 IST">
  <testcase classname="testcase.working2" name="test4" time="0.011"/>
  <testcase classname="testcase.working" name="testone" time="0.002"/>
  <testcase classname="testcase.working" name="testtwo" time="0.0">
    <ignored/>
  </testcase> <!-- testtwo -->
  <testcase classname="testcase.working2" name="test3" time="0.0">
    <ignored/>
  </testcase> <!-- test3 -->
</testsuite> <!-- SpecificMethod -->
