<?xml version="1.0" encoding="UTF-8"?>
<testng-results ignored="0" total="2" passed="2" failed="0" skipped="0">
  <reporter-output>
  </reporter-output>
  <suite started-at="2025-12-09T16:57:46 IST" name="Default suite" finished-at="2025-12-09T16:57:57 IST" duration-ms="10712">
    <groups>
    </groups>
    <test started-at="2025-12-09T16:57:46 IST" name="Default test" finished-at="2025-12-09T16:57:57 IST" duration-ms="10712">
      <class name="testcase.NewTest2">
        <test-method signature="f()[pri:1, instance:testcase.NewTest2@5e0e82ae]" started-at="2025-12-09T16:57:46 IST" name="f" finished-at="2025-12-09T16:57:57 IST" duration-ms="10651" status="PASS">
          <reporter-output>
          </reporter-output>
        </test-method> <!-- f -->
        <test-method signature="d()[pri:2, instance:testcase.NewTest2@5e0e82ae]" started-at="2025-12-09T16:57:57 IST" name="d" finished-at="2025-12-09T16:57:57 IST" duration-ms="2" status="PASS">
          <reporter-output>
          </reporter-output>
        </test-method> <!-- d -->
      </class> <!-- testcase.NewTest2 -->
    </test> <!-- Default test -->
  </suite> <!-- Default suite -->
</testng-results>
